  JupiterPlanet.cpp
D:\Repos\SpaceCompanySimulation\Simulation\Models\SolarSystem\Planets\JupiterPlanet.hpp(22,75): warning C4305: 'argument': truncation from '__int64' to 'long'
  (compiling source file 'Simulation/Models/SolarSystem/Planets/JupiterPlanet.cpp')
  
D:\Repos\SpaceCompanySimulation\Simulation\Models\SolarSystem\Planets\JupiterPlanet.hpp(22,75): warning C4309: 'argument': truncation of constant value
  (compiling source file 'Simulation/Models/SolarSystem/Planets/JupiterPlanet.cpp')
  
D:\Programms\Visual studio\IDE\VC\Tools\MSVC\14.39.33519\include\utility(250,54): warning C4244: 'initializing': conversion from '_Ty' to '_Ty2', possible loss of data
D:\Programms\Visual studio\IDE\VC\Tools\MSVC\14.39.33519\include\utility(250,54): warning C4244:         with
D:\Programms\Visual studio\IDE\VC\Tools\MSVC\14.39.33519\include\utility(250,54): warning C4244:         [
D:\Programms\Visual studio\IDE\VC\Tools\MSVC\14.39.33519\include\utility(250,54): warning C4244:             _Ty=int
D:\Programms\Visual studio\IDE\VC\Tools\MSVC\14.39.33519\include\utility(250,54): warning C4244:         ]
D:\Programms\Visual studio\IDE\VC\Tools\MSVC\14.39.33519\include\utility(250,54): warning C4244:         and
D:\Programms\Visual studio\IDE\VC\Tools\MSVC\14.39.33519\include\utility(250,54): warning C4244:         [
D:\Programms\Visual studio\IDE\VC\Tools\MSVC\14.39.33519\include\utility(250,54): warning C4244:             _Ty2=float
D:\Programms\Visual studio\IDE\VC\Tools\MSVC\14.39.33519\include\utility(250,54): warning C4244:         ]
  (compiling source file 'Simulation/Models/SolarSystem/Planets/JupiterPlanet.cpp')
  D:\Programms\Visual studio\IDE\VC\Tools\MSVC\14.39.33519\include\utility(250,54):
  the template instantiation context (the oldest one first) is
  	D:\Repos\SpaceCompanySimulation\Simulation\Models\SolarSystem\Planets\JupiterPlanet.hpp(23,3):
  	see reference to function template instantiation 'std::pair<const std::string,float>::pair<const char(&)[14],int,0>(_Other1,_Other2 &&) noexcept(false)' being compiled
          with
          [
              _Other1=const char (&)[14],
              _Other2=int
          ]
  		D:\Repos\SpaceCompanySimulation\Simulation\Models\SolarSystem\Planets\JupiterPlanet.hpp(22,34):
  		see the first reference to 'std::pair<const std::string,float>::pair' in 'JupiterPlanet::JupiterPlanet'
  
  MarsPlanet.cpp
D:\Programms\Visual studio\IDE\VC\Tools\MSVC\14.39.33519\include\utility(250,54): warning C4244: 'initializing': conversion from '_Ty' to '_Ty2', possible loss of data
D:\Programms\Visual studio\IDE\VC\Tools\MSVC\14.39.33519\include\utility(250,54): warning C4244:         with
D:\Programms\Visual studio\IDE\VC\Tools\MSVC\14.39.33519\include\utility(250,54): warning C4244:         [
D:\Programms\Visual studio\IDE\VC\Tools\MSVC\14.39.33519\include\utility(250,54): warning C4244:             _Ty=double
D:\Programms\Visual studio\IDE\VC\Tools\MSVC\14.39.33519\include\utility(250,54): warning C4244:         ]
D:\Programms\Visual studio\IDE\VC\Tools\MSVC\14.39.33519\include\utility(250,54): warning C4244:         and
D:\Programms\Visual studio\IDE\VC\Tools\MSVC\14.39.33519\include\utility(250,54): warning C4244:         [
D:\Programms\Visual studio\IDE\VC\Tools\MSVC\14.39.33519\include\utility(250,54): warning C4244:             _Ty2=float
D:\Programms\Visual studio\IDE\VC\Tools\MSVC\14.39.33519\include\utility(250,54): warning C4244:         ]
  (compiling source file 'Simulation/Models/SolarSystem/Planets/MarsPlanet.cpp')
  D:\Programms\Visual studio\IDE\VC\Tools\MSVC\14.39.33519\include\utility(250,54):
  the template instantiation context (the oldest one first) is
  	D:\Repos\SpaceCompanySimulation\Simulation\Models\SolarSystem\Planets\MarsPlanet.hpp(16,5):
  	see reference to function template instantiation 'std::pair<const std::string,float>::pair<const char(&)[21],double,0>(_Other1,_Other2 &&) noexcept(false)' being compiled
          with
          [
              _Other1=const char (&)[21],
              _Other2=double
          ]
  		D:\Repos\SpaceCompanySimulation\Simulation\Models\SolarSystem\Planets\MarsPlanet.hpp(15,31):
  		see the first reference to 'std::pair<const std::string,float>::pair' in 'MarsPlanet::MarsPlanet'
  
  MercuryPlanet.cpp
  NeptunePlanet.cpp
D:\Repos\SpaceCompanySimulation\Simulation\Models\SolarSystem\Planets\NeptunePlanet.hpp(19,77): warning C4305: 'argument': truncation from '__int64' to 'long'
  (compiling source file 'Simulation/Models/SolarSystem/Planets/NeptunePlanet.cpp')
  
D:\Repos\SpaceCompanySimulation\Simulation\Models\SolarSystem\Planets\NeptunePlanet.hpp(19,77): warning C4309: 'argument': truncation of constant value
  (compiling source file 'Simulation/Models/SolarSystem/Planets/NeptunePlanet.cpp')
  
D:\Programms\Visual studio\IDE\VC\Tools\MSVC\14.39.33519\include\utility(250,54): warning C4244: 'initializing': conversion from '_Ty' to '_Ty2', possible loss of data
D:\Programms\Visual studio\IDE\VC\Tools\MSVC\14.39.33519\include\utility(250,54): warning C4244:         with
D:\Programms\Visual studio\IDE\VC\Tools\MSVC\14.39.33519\include\utility(250,54): warning C4244:         [
D:\Programms\Visual studio\IDE\VC\Tools\MSVC\14.39.33519\include\utility(250,54): warning C4244:             _Ty=int
D:\Programms\Visual studio\IDE\VC\Tools\MSVC\14.39.33519\include\utility(250,54): warning C4244:         ]
D:\Programms\Visual studio\IDE\VC\Tools\MSVC\14.39.33519\include\utility(250,54): warning C4244:         and
D:\Programms\Visual studio\IDE\VC\Tools\MSVC\14.39.33519\include\utility(250,54): warning C4244:         [
D:\Programms\Visual studio\IDE\VC\Tools\MSVC\14.39.33519\include\utility(250,54): warning C4244:             _Ty2=float
D:\Programms\Visual studio\IDE\VC\Tools\MSVC\14.39.33519\include\utility(250,54): warning C4244:         ]
  (compiling source file 'Simulation/Models/SolarSystem/Planets/NeptunePlanet.cpp')
  D:\Programms\Visual studio\IDE\VC\Tools\MSVC\14.39.33519\include\utility(250,54):
  the template instantiation context (the oldest one first) is
  	D:\Repos\SpaceCompanySimulation\Simulation\Models\SolarSystem\Planets\NeptunePlanet.hpp(20,3):
  	see reference to function template instantiation 'std::pair<const std::string,float>::pair<const char(&)[14],int,0>(_Other1,_Other2 &&) noexcept(false)' being compiled
          with
          [
              _Other1=const char (&)[14],
              _Other2=int
          ]
  		D:\Repos\SpaceCompanySimulation\Simulation\Models\SolarSystem\Planets\NeptunePlanet.hpp(19,34):
  		see the first reference to 'std::pair<const std::string,float>::pair' in 'NeptunePlanet::NeptunePlanet'
  
D:\Programms\Visual studio\IDE\VC\Tools\MSVC\14.39.33519\include\utility(250,54): warning C4244: 'initializing': conversion from '_Ty' to '_Ty2', possible loss of data
D:\Programms\Visual studio\IDE\VC\Tools\MSVC\14.39.33519\include\utility(250,54): warning C4244:         with
D:\Programms\Visual studio\IDE\VC\Tools\MSVC\14.39.33519\include\utility(250,54): warning C4244:         [
D:\Programms\Visual studio\IDE\VC\Tools\MSVC\14.39.33519\include\utility(250,54): warning C4244:             _Ty=double
D:\Programms\Visual studio\IDE\VC\Tools\MSVC\14.39.33519\include\utility(250,54): warning C4244:         ]
D:\Programms\Visual studio\IDE\VC\Tools\MSVC\14.39.33519\include\utility(250,54): warning C4244:         and
D:\Programms\Visual studio\IDE\VC\Tools\MSVC\14.39.33519\include\utility(250,54): warning C4244:         [
D:\Programms\Visual studio\IDE\VC\Tools\MSVC\14.39.33519\include\utility(250,54): warning C4244:             _Ty2=float
D:\Programms\Visual studio\IDE\VC\Tools\MSVC\14.39.33519\include\utility(250,54): warning C4244:         ]
  (compiling source file 'Simulation/Models/SolarSystem/Planets/NeptunePlanet.cpp')
  D:\Programms\Visual studio\IDE\VC\Tools\MSVC\14.39.33519\include\utility(250,54):
  the template instantiation context (the oldest one first) is
  	D:\Repos\SpaceCompanySimulation\Simulation\Models\SolarSystem\Planets\NeptunePlanet.hpp(20,47):
  	see reference to function template instantiation 'std::pair<const std::string,float>::pair<const char(&)[14],double,0>(_Other1,_Other2 &&) noexcept(false)' being compiled
          with
          [
              _Other1=const char (&)[14],
              _Other2=double
          ]
  		D:\Repos\SpaceCompanySimulation\Simulation\Models\SolarSystem\Planets\NeptunePlanet.hpp(19,34):
  		see the first reference to 'std::pair<const std::string,float>::pair' in 'NeptunePlanet::NeptunePlanet'
  
  SaturnPlanet.cpp
D:\Repos\SpaceCompanySimulation\Simulation\Models\SolarSystem\Planets\SaturnPlanet.hpp(26,75): warning C4305: 'argument': truncation from '__int64' to 'long'
  (compiling source file 'Simulation/Models/SolarSystem/Planets/SaturnPlanet.cpp')
  
D:\Repos\SpaceCompanySimulation\Simulation\Models\SolarSystem\Planets\SaturnPlanet.hpp(26,75): warning C4309: 'argument': truncation of constant value
  (compiling source file 'Simulation/Models/SolarSystem/Planets/SaturnPlanet.cpp')
  
D:\Programms\Visual studio\IDE\VC\Tools\MSVC\14.39.33519\include\utility(250,54): warning C4244: 'initializing': conversion from '_Ty' to '_Ty2', possible loss of data
D:\Programms\Visual studio\IDE\VC\Tools\MSVC\14.39.33519\include\utility(250,54): warning C4244:         with
D:\Programms\Visual studio\IDE\VC\Tools\MSVC\14.39.33519\include\utility(250,54): warning C4244:         [
D:\Programms\Visual studio\IDE\VC\Tools\MSVC\14.39.33519\include\utility(250,54): warning C4244:             _Ty=double
D:\Programms\Visual studio\IDE\VC\Tools\MSVC\14.39.33519\include\utility(250,54): warning C4244:         ]
D:\Programms\Visual studio\IDE\VC\Tools\MSVC\14.39.33519\include\utility(250,54): warning C4244:         and
D:\Programms\Visual studio\IDE\VC\Tools\MSVC\14.39.33519\include\utility(250,54): warning C4244:         [
D:\Programms\Visual studio\IDE\VC\Tools\MSVC\14.39.33519\include\utility(250,54): warning C4244:             _Ty2=float
D:\Programms\Visual studio\IDE\VC\Tools\MSVC\14.39.33519\include\utility(250,54): warning C4244:         ]
  (compiling source file 'Simulation/Models/SolarSystem/Planets/SaturnPlanet.cpp')
  D:\Programms\Visual studio\IDE\VC\Tools\MSVC\14.39.33519\include\utility(250,54):
  the template instantiation context (the oldest one first) is
  	D:\Repos\SpaceCompanySimulation\Simulation\Models\SolarSystem\Planets\SaturnPlanet.hpp(27,3):
  	see reference to function template instantiation 'std::pair<const std::string,float>::pair<const char(&)[14],double,0>(_Other1,_Other2 &&) noexcept(false)' being compiled
          with
          [
              _Other1=const char (&)[14],
              _Other2=double
          ]
  		D:\Repos\SpaceCompanySimulation\Simulation\Models\SolarSystem\Planets\SaturnPlanet.hpp(26,33):
  		see the first reference to 'std::pair<const std::string,float>::pair' in 'SaturnPlanet::SaturnPlanet'
  
  UranusPlanet.cpp
D:\Repos\SpaceCompanySimulation\Simulation\Models\SolarSystem\Planets\UranusPlanet.hpp(20,74): warning C4305: 'argument': truncation from '__int64' to 'long'
  (compiling source file 'Simulation/Models/SolarSystem/Planets/UranusPlanet.cpp')
  
D:\Repos\SpaceCompanySimulation\Simulation\Models\SolarSystem\Planets\UranusPlanet.hpp(20,74): warning C4309: 'argument': truncation of constant value
  (compiling source file 'Simulation/Models/SolarSystem/Planets/UranusPlanet.cpp')
  
D:\Programms\Visual studio\IDE\VC\Tools\MSVC\14.39.33519\include\utility(250,54): warning C4244: 'initializing': conversion from '_Ty' to '_Ty2', possible loss of data
D:\Programms\Visual studio\IDE\VC\Tools\MSVC\14.39.33519\include\utility(250,54): warning C4244:         with
D:\Programms\Visual studio\IDE\VC\Tools\MSVC\14.39.33519\include\utility(250,54): warning C4244:         [
D:\Programms\Visual studio\IDE\VC\Tools\MSVC\14.39.33519\include\utility(250,54): warning C4244:             _Ty=double
D:\Programms\Visual studio\IDE\VC\Tools\MSVC\14.39.33519\include\utility(250,54): warning C4244:         ]
D:\Programms\Visual studio\IDE\VC\Tools\MSVC\14.39.33519\include\utility(250,54): warning C4244:         and
D:\Programms\Visual studio\IDE\VC\Tools\MSVC\14.39.33519\include\utility(250,54): warning C4244:         [
D:\Programms\Visual studio\IDE\VC\Tools\MSVC\14.39.33519\include\utility(250,54): warning C4244:             _Ty2=float
D:\Programms\Visual studio\IDE\VC\Tools\MSVC\14.39.33519\include\utility(250,54): warning C4244:         ]
  (compiling source file 'Simulation/Models/SolarSystem/Planets/UranusPlanet.cpp')
  D:\Programms\Visual studio\IDE\VC\Tools\MSVC\14.39.33519\include\utility(250,54):
  the template instantiation context (the oldest one first) is
  	D:\Repos\SpaceCompanySimulation\Simulation\Models\SolarSystem\Planets\UranusPlanet.hpp(21,3):
  	see reference to function template instantiation 'std::pair<const std::string,float>::pair<const char(&)[14],double,0>(_Other1,_Other2 &&) noexcept(false)' being compiled
          with
          [
              _Other1=const char (&)[14],
              _Other2=double
          ]
  		D:\Repos\SpaceCompanySimulation\Simulation\Models\SolarSystem\Planets\UranusPlanet.hpp(20,33):
  		see the first reference to 'std::pair<const std::string,float>::pair' in 'UranusPlanet::UranusPlanet'
  
  VenusPlanet.cpp
D:\Programms\Visual studio\IDE\VC\Tools\MSVC\14.39.33519\include\utility(250,54): warning C4244: 'initializing': conversion from '_Ty' to '_Ty2', possible loss of data
D:\Programms\Visual studio\IDE\VC\Tools\MSVC\14.39.33519\include\utility(250,54): warning C4244:         with
D:\Programms\Visual studio\IDE\VC\Tools\MSVC\14.39.33519\include\utility(250,54): warning C4244:         [
D:\Programms\Visual studio\IDE\VC\Tools\MSVC\14.39.33519\include\utility(250,54): warning C4244:             _Ty=double
D:\Programms\Visual studio\IDE\VC\Tools\MSVC\14.39.33519\include\utility(250,54): warning C4244:         ]
D:\Programms\Visual studio\IDE\VC\Tools\MSVC\14.39.33519\include\utility(250,54): warning C4244:         and
D:\Programms\Visual studio\IDE\VC\Tools\MSVC\14.39.33519\include\utility(250,54): warning C4244:         [
D:\Programms\Visual studio\IDE\VC\Tools\MSVC\14.39.33519\include\utility(250,54): warning C4244:             _Ty2=float
D:\Programms\Visual studio\IDE\VC\Tools\MSVC\14.39.33519\include\utility(250,54): warning C4244:         ]
  (compiling source file 'Simulation/Models/SolarSystem/Planets/VenusPlanet.cpp')
  D:\Programms\Visual studio\IDE\VC\Tools\MSVC\14.39.33519\include\utility(250,54):
  the template instantiation context (the oldest one first) is
  	D:\Repos\SpaceCompanySimulation\Simulation\Models\SolarSystem\Planets\VenusPlanet.hpp(15,118):
  	see reference to function template instantiation 'std::pair<const std::string,float>::pair<const char(&)[21],double,0>(_Other1,_Other2 &&) noexcept(false)' being compiled
          with
          [
              _Other1=const char (&)[21],
              _Other2=double
          ]
  		D:\Repos\SpaceCompanySimulation\Simulation\Models\SolarSystem\Planets\VenusPlanet.hpp(15,32):
  		see the first reference to 'std::pair<const std::string,float>::pair' in 'VenusPlanet::VenusPlanet'
  
  SunStar.cpp
  Generating Code...
  SpaceCompanySimulation.vcxproj -> D:\Repos\SpaceCompanySimulation\x64\Debug\SpaceCompanySimulation.exe
  'pwsh.exe' is not recognized as an internal or external command,
  operable program or batch file.
